{
  "0 debug pnpm:scope": {
    "selected": 1
  },
  "1 error pnpm": {
    "errno": 1,
    "code": "ELIFECYCLE",
    "pkgid": "md2html@1.0.0",
    "stage": "build",
    "script": "deno compile --allow-read --allow-write --allow-net --allow-env --output md2html/md2html md2html.ts",
    "pkgname": "md2html",
    "err": {
      "name": "pnpm",
      "message": "md2html@1.0.0 build: `deno compile --allow-read --allow-write --allow-net --allow-env --output md2html/md2html md2html.ts`\nExit status 1",
      "code": "ELIFECYCLE",
      "stack": "pnpm: md2html@1.0.0 build: `deno compile --allow-read --allow-write --allow-net --allow-env --output md2html/md2html md2html.ts`\nExit status 1\n    at EventEmitter.<anonymous> (C:\\Users\\bewig\\AppData\\Roaming\\npm\\pnpm-global\\5\\node_modules\\.pnpm\\pnpm@6.24.1\\node_modules\\pnpm\\dist\\pnpm.cjs:103854:20)\n    at EventEmitter.emit (node:events:379:20)\n    at ChildProcess.<anonymous> (C:\\Users\\bewig\\AppData\\Roaming\\npm\\pnpm-global\\5\\node_modules\\.pnpm\\pnpm@6.24.1\\node_modules\\pnpm\\dist\\pnpm.cjs:91783:18)\n    at ChildProcess.emit (node:events:379:20)\n    at maybeClose (node:internal/child_process:1065:16)\n    at Process.ChildProcess._handle.onexit (node:internal/child_process:296:5)"
    }
  },
  "2 warn pnpm:global": " Local package.json exists, but node_modules missing, did you mean to install?"
}